<?xml version="1.0" encoding="UTF-8"?>
<!-- Generated by org.testng.reporters.JUnitReportReporter -->
<testsuite ignored="0" hostname="DESKTOP-8BDLN3I" failures="0" tests="1" name="pruebang.SelTest" time="3.574" errors="0" timestamp="20 abr 2024 16:46:24 GMT" skipped="0">
  <testcase classname="pruebang.SelTest" name="test01" time="3.574"/>
</testsuite> <!-- pruebang.SelTest -->
